{"/Users/juanpabloas/Documents/PruebaNeoris/pokemons/src/app/app.component.html": {"path":"/Users/juanpabloas/Documents/PruebaNeoris/pokemons/src/app/app.component.html","statementMap":{"0":{"start":{"line":1,"column":0},"end":{"line":1,"column":48}}},"fnMap":{},"branchMap":{},"s":{"0":1},"f":{},"b":{},"_coverageSchema":"1a1c01bbd47fc00a2c39e90264f33305004495a9","hash":"4b378d2822d4c57fde9b0ea4dff7f04980c0b55a"}
,"/Users/juanpabloas/Documents/PruebaNeoris/pokemons/src/app/app.component.ts": {"path":"/Users/juanpabloas/Documents/PruebaNeoris/pokemons/src/app/app.component.ts","statementMap":{"0":{"start":{"line":1,"column":0},"end":{"line":1,"column":42}},"1":{"start":{"line":8,"column":25},"end":{"line":10,"column":null}},"2":{"start":{"line":9,"column":2},"end":{"line":9,"column":21}},"3":{"start":{"line":8,"column":13},"end":{"line":10,"column":null}},"4":{"start":{"line":8,"column":13},"end":{"line":8,"column":25}}},"fnMap":{},"branchMap":{},"s":{"0":1,"1":1,"2":2,"3":1,"4":1},"f":{},"b":{}}
,"/Users/juanpabloas/Documents/PruebaNeoris/pokemons/src/app/not-found/not-found.component.html": {"path":"/Users/juanpabloas/Documents/PruebaNeoris/pokemons/src/app/not-found/not-found.component.html","statementMap":{"0":{"start":{"line":1,"column":0},"end":{"line":1,"column":271}}},"fnMap":{},"branchMap":{},"s":{"0":1},"f":{},"b":{},"_coverageSchema":"1a1c01bbd47fc00a2c39e90264f33305004495a9","hash":"b4f0f52baf17e3c7334f713574a9d5f59807d8ea"}
,"/Users/juanpabloas/Documents/PruebaNeoris/pokemons/src/app/not-found/not-found.component.ts": {"path":"/Users/juanpabloas/Documents/PruebaNeoris/pokemons/src/app/not-found/not-found.component.ts","statementMap":{"0":{"start":{"line":1,"column":0},"end":{"line":1,"column":42}},"1":{"start":{"line":2,"column":0},"end":{"line":2,"column":41}},"2":{"start":{"line":9,"column":30},"end":{"line":20,"column":null}},"3":{"start":{"line":11,"column":22},"end":{"line":11,"column":31}},"4":{"start":{"line":17,"column":4},"end":{"line":17,"column":null}},"5":{"start":{"line":9,"column":13},"end":{"line":20,"column":null}},"6":{"start":{"line":9,"column":13},"end":{"line":9,"column":30}}},"fnMap":{"0":{"name":"(anonymous_0)","decl":{"start":{"line":11,"column":2},"end":{"line":11,"column":22}},"loc":{"start":{"line":11,"column":37},"end":{"line":11,"column":42}}},"1":{"name":"(anonymous_1)","decl":{"start":{"line":16,"column":2},"end":{"line":16,"column":14}},"loc":{"start":{"line":16,"column":14},"end":{"line":18,"column":3}}}},"branchMap":{},"s":{"0":1,"1":1,"2":1,"3":2,"4":1,"5":1,"6":1},"f":{"0":2,"1":1},"b":{}}
,"/Users/juanpabloas/Documents/PruebaNeoris/pokemons/src/app/pokemon-information/pokemon-information.component.html": {"path":"/Users/juanpabloas/Documents/PruebaNeoris/pokemons/src/app/pokemon-information/pokemon-information.component.html","statementMap":{"0":{"start":{"line":1,"column":0},"end":{"line":1,"column":3594}}},"fnMap":{},"branchMap":{},"s":{"0":1},"f":{},"b":{},"_coverageSchema":"1a1c01bbd47fc00a2c39e90264f33305004495a9","hash":"85466e91c127b3e0470659d8049dd8eee0d771bd"}
,"/Users/juanpabloas/Documents/PruebaNeoris/pokemons/src/app/pokemon-information/pokemon-information.component.ts": {"path":"/Users/juanpabloas/Documents/PruebaNeoris/pokemons/src/app/pokemon-information/pokemon-information.component.ts","statementMap":{"0":{"start":{"line":1,"column":0},"end":{"line":1,"column":50}},"1":{"start":{"line":2,"column":0},"end":{"line":2,"column":81}},"2":{"start":{"line":4,"column":0},"end":{"line":4,"column":66}},"3":{"start":{"line":12,"column":40},"end":{"line":189,"column":null}},"4":{"start":{"line":28,"column":12},"end":{"line":28,"column":16}},"5":{"start":{"line":29,"column":12},"end":{"line":29,"column":28}},"6":{"start":{"line":15,"column":2},"end":{"line":19,"column":4}},"7":{"start":{"line":31,"column":4},"end":{"line":31,"column":62}},"8":{"start":{"line":32,"column":4},"end":{"line":32,"column":39}},"9":{"start":{"line":33,"column":4},"end":{"line":33,"column":31}},"10":{"start":{"line":34,"column":4},"end":{"line":34,"column":26}},"11":{"start":{"line":35,"column":4},"end":{"line":35,"column":30}},"12":{"start":{"line":36,"column":4},"end":{"line":36,"column":37}},"13":{"start":{"line":40,"column":4},"end":{"line":40,"column":23}},"14":{"start":{"line":44,"column":4},"end":{"line":49,"column":null}},"15":{"start":{"line":56,"column":4},"end":{"line":58,"column":null}},"16":{"start":{"line":57,"column":6},"end":{"line":57,"column":39}},"17":{"start":{"line":65,"column":4},"end":{"line":91,"column":null}},"18":{"start":{"line":66,"column":42},"end":{"line":72,"column":null}},"19":{"start":{"line":73,"column":27},"end":{"line":73,"column":84}},"20":{"start":{"line":73,"column":61},"end":{"line":73,"column":83}},"21":{"start":{"line":74,"column":6},"end":{"line":74,"column":89}},"22":{"start":{"line":74,"column":30},"end":{"line":74,"column":89}},"23":{"start":{"line":75,"column":6},"end":{"line":77,"column":null}},"24":{"start":{"line":80,"column":39},"end":{"line":85,"column":null}},"25":{"start":{"line":86,"column":6},"end":{"line":86,"column":42}},"26":{"start":{"line":87,"column":6},"end":{"line":87,"column":56}},"27":{"start":{"line":88,"column":6},"end":{"line":90,"column":null}},"28":{"start":{"line":92,"column":4},"end":{"line":92,"column":23}},"29":{"start":{"line":93,"column":4},"end":{"line":93,"column":35}},"30":{"start":{"line":94,"column":4},"end":{"line":94,"column":35}},"31":{"start":{"line":102,"column":4},"end":{"line":108,"column":null}},"32":{"start":{"line":103,"column":27},"end":{"line":103,"column":73}},"33":{"start":{"line":103,"column":61},"end":{"line":103,"column":72}},"34":{"start":{"line":104,"column":6},"end":{"line":104,"column":null}},"35":{"start":{"line":105,"column":6},"end":{"line":107,"column":null}},"36":{"start":{"line":115,"column":4},"end":{"line":115,"column":104}},"37":{"start":{"line":123,"column":4},"end":{"line":123,"column":56}},"38":{"start":{"line":131,"column":4},"end":{"line":131,"column":56}},"39":{"start":{"line":138,"column":4},"end":{"line":140,"column":6}},"40":{"start":{"line":139,"column":6},"end":{"line":139,"column":72}},"41":{"start":{"line":148,"column":4},"end":{"line":148,"column":29}},"42":{"start":{"line":149,"column":4},"end":{"line":162,"column":null}},"43":{"start":{"line":150,"column":6},"end":{"line":150,"column":26}},"44":{"start":{"line":151,"column":6},"end":{"line":151,"column":81}},"45":{"start":{"line":151,"column":63},"end":{"line":151,"column":79}},"46":{"start":{"line":152,"column":6},"end":{"line":152,"column":58}},"47":{"start":{"line":153,"column":6},"end":{"line":153,"column":58}},"48":{"start":{"line":154,"column":6},"end":{"line":154,"column":58}},"49":{"start":{"line":155,"column":6},"end":{"line":155,"column":60}},"50":{"start":{"line":156,"column":6},"end":{"line":156,"column":34}},"51":{"start":{"line":159,"column":6},"end":{"line":159,"column":25}},"52":{"start":{"line":160,"column":6},"end":{"line":160,"column":37}},"53":{"start":{"line":161,"column":6},"end":{"line":161,"column":37}},"54":{"start":{"line":169,"column":4},"end":{"line":169,"column":30}},"55":{"start":{"line":176,"column":4},"end":{"line":176,"column":30}},"56":{"start":{"line":177,"column":4},"end":{"line":177,"column":30}},"57":{"start":{"line":178,"column":4},"end":{"line":178,"column":29}},"58":{"start":{"line":179,"column":4},"end":{"line":179,"column":30}},"59":{"start":{"line":180,"column":4},"end":{"line":180,"column":31}},"60":{"start":{"line":181,"column":4},"end":{"line":181,"column":31}},"61":{"start":{"line":184,"column":16},"end":{"line":184,"column":60}},"62":{"start":{"line":185,"column":16},"end":{"line":185,"column":60}},"63":{"start":{"line":186,"column":16},"end":{"line":186,"column":60}},"64":{"start":{"line":187,"column":17},"end":{"line":187,"column":62}},"65":{"start":{"line":12,"column":13},"end":{"line":189,"column":null}},"66":{"start":{"line":12,"column":13},"end":{"line":12,"column":40}}},"fnMap":{"0":{"name":"(anonymous_0)","decl":{"start":{"line":27,"column":2},"end":{"line":27,"column":null}},"loc":{"start":{"line":29,"column":43},"end":{"line":37,"column":4}}},"1":{"name":"(anonymous_1)","decl":{"start":{"line":39,"column":2},"end":{"line":39,"column":10}},"loc":{"start":{"line":39,"column":10},"end":{"line":41,"column":3}}},"2":{"name":"(anonymous_2)","decl":{"start":{"line":43,"column":2},"end":{"line":43,"column":27}},"loc":{"start":{"line":43,"column":27},"end":{"line":50,"column":3}}},"3":{"name":"(anonymous_3)","decl":{"start":{"line":55,"column":2},"end":{"line":55,"column":13}},"loc":{"start":{"line":55,"column":13},"end":{"line":59,"column":3}}},"4":{"name":"(anonymous_4)","decl":{"start":{"line":56,"column":51},"end":{"line":56,"column":62}},"loc":{"start":{"line":56,"column":65},"end":{"line":58,"column":5}}},"5":{"name":"(anonymous_5)","decl":{"start":{"line":64,"column":2},"end":{"line":64,"column":21}},"loc":{"start":{"line":64,"column":21},"end":{"line":95,"column":3}}},"6":{"name":"(anonymous_6)","decl":{"start":{"line":73,"column":56},"end":{"line":73,"column":57}},"loc":{"start":{"line":73,"column":61},"end":{"line":73,"column":83}}},"7":{"name":"(anonymous_7)","decl":{"start":{"line":75,"column":81},"end":{"line":75,"column":96}},"loc":{"start":{"line":75,"column":99},"end":{"line":77,"column":7}}},"8":{"name":"(anonymous_8)","decl":{"start":{"line":88,"column":62},"end":{"line":88,"column":77}},"loc":{"start":{"line":88,"column":80},"end":{"line":90,"column":7}}},"9":{"name":"(anonymous_9)","decl":{"start":{"line":101,"column":2},"end":{"line":101,"column":15}},"loc":{"start":{"line":101,"column":27},"end":{"line":109,"column":3}}},"10":{"name":"(anonymous_10)","decl":{"start":{"line":103,"column":56},"end":{"line":103,"column":57}},"loc":{"start":{"line":103,"column":61},"end":{"line":103,"column":72}}},"11":{"name":"(anonymous_11)","decl":{"start":{"line":105,"column":54},"end":{"line":105,"column":68}},"loc":{"start":{"line":105,"column":71},"end":{"line":107,"column":5}}},"12":{"name":"(anonymous_12)","decl":{"start":{"line":114,"column":2},"end":{"line":114,"column":22}},"loc":{"start":{"line":114,"column":22},"end":{"line":116,"column":3}}},"13":{"name":"(anonymous_13)","decl":{"start":{"line":122,"column":2},"end":{"line":122,"column":19}},"loc":{"start":{"line":122,"column":19},"end":{"line":124,"column":3}}},"14":{"name":"(anonymous_14)","decl":{"start":{"line":130,"column":2},"end":{"line":130,"column":20}},"loc":{"start":{"line":130,"column":20},"end":{"line":132,"column":3}}},"15":{"name":"(anonymous_15)","decl":{"start":{"line":137,"column":2},"end":{"line":137,"column":15}},"loc":{"start":{"line":137,"column":15},"end":{"line":141,"column":3}}},"16":{"name":"(anonymous_16)","decl":{"start":{"line":138,"column":46},"end":{"line":138,"column":50}},"loc":{"start":{"line":139,"column":6},"end":{"line":139,"column":72}}},"17":{"name":"(anonymous_17)","decl":{"start":{"line":147,"column":2},"end":{"line":147,"column":18}},"loc":{"start":{"line":147,"column":30},"end":{"line":163,"column":3}}},"18":{"name":"(anonymous_18)","decl":{"start":{"line":151,"column":53},"end":{"line":151,"column":59}},"loc":{"start":{"line":151,"column":63},"end":{"line":151,"column":79}}},"19":{"name":"(anonymous_19)","decl":{"start":{"line":168,"column":2},"end":{"line":168,"column":14}},"loc":{"start":{"line":168,"column":14},"end":{"line":170,"column":3}}},"20":{"name":"(anonymous_20)","decl":{"start":{"line":175,"column":2},"end":{"line":175,"column":13}},"loc":{"start":{"line":175,"column":13},"end":{"line":182,"column":3}}},"21":{"name":"(anonymous_21)","decl":{"start":{"line":184,"column":2},"end":{"line":184,"column":6}},"loc":{"start":{"line":184,"column":12},"end":{"line":184,"column":60}}},"22":{"name":"(anonymous_22)","decl":{"start":{"line":185,"column":2},"end":{"line":185,"column":6}},"loc":{"start":{"line":185,"column":12},"end":{"line":185,"column":60}}},"23":{"name":"(anonymous_23)","decl":{"start":{"line":186,"column":2},"end":{"line":186,"column":6}},"loc":{"start":{"line":186,"column":12},"end":{"line":186,"column":60}}},"24":{"name":"(anonymous_24)","decl":{"start":{"line":187,"column":2},"end":{"line":187,"column":6}},"loc":{"start":{"line":187,"column":13},"end":{"line":187,"column":62}}}},"branchMap":{"0":{"loc":{"start":{"line":65,"column":4},"end":{"line":91,"column":null}},"type":"if","locations":[{"start":{"line":65,"column":4},"end":{"line":91,"column":null}},{"start":{"line":79,"column":9},"end":{"line":91,"column":null}}]},"1":{"loc":{"start":{"line":68,"column":16},"end":{"line":68,"column":34}},"type":"cond-expr","locations":[{"start":{"line":68,"column":27},"end":{"line":68,"column":29}},{"start":{"line":68,"column":27},"end":{"line":68,"column":34}}]},"2":{"loc":{"start":{"line":68,"column":16},"end":{"line":68,"column":29}},"type":"binary-expr","locations":[{"start":{"line":68,"column":16},"end":{"line":68,"column":29}},{"start":{"line":68,"column":27},"end":{"line":68,"column":29}}]},"3":{"loc":{"start":{"line":69,"column":16},"end":{"line":69,"column":34}},"type":"cond-expr","locations":[{"start":{"line":69,"column":27},"end":{"line":69,"column":29}},{"start":{"line":69,"column":27},"end":{"line":69,"column":34}}]},"4":{"loc":{"start":{"line":69,"column":16},"end":{"line":69,"column":29}},"type":"binary-expr","locations":[{"start":{"line":69,"column":16},"end":{"line":69,"column":29}},{"start":{"line":69,"column":27},"end":{"line":69,"column":29}}]},"5":{"loc":{"start":{"line":70,"column":16},"end":{"line":70,"column":34}},"type":"cond-expr","locations":[{"start":{"line":70,"column":27},"end":{"line":70,"column":29}},{"start":{"line":70,"column":27},"end":{"line":70,"column":34}}]},"6":{"loc":{"start":{"line":70,"column":16},"end":{"line":70,"column":29}},"type":"binary-expr","locations":[{"start":{"line":70,"column":16},"end":{"line":70,"column":29}},{"start":{"line":70,"column":27},"end":{"line":70,"column":29}}]},"7":{"loc":{"start":{"line":71,"column":17},"end":{"line":71,"column":36}},"type":"cond-expr","locations":[{"start":{"line":71,"column":29},"end":{"line":71,"column":31}},{"start":{"line":71,"column":29},"end":{"line":71,"column":36}}]},"8":{"loc":{"start":{"line":71,"column":17},"end":{"line":71,"column":31}},"type":"binary-expr","locations":[{"start":{"line":71,"column":17},"end":{"line":71,"column":31}},{"start":{"line":71,"column":29},"end":{"line":71,"column":31}}]},"9":{"loc":{"start":{"line":74,"column":6},"end":{"line":74,"column":89}},"type":"if","locations":[{"start":{"line":74,"column":6},"end":{"line":74,"column":89}}]},"10":{"loc":{"start":{"line":81,"column":16},"end":{"line":81,"column":34}},"type":"cond-expr","locations":[{"start":{"line":81,"column":27},"end":{"line":81,"column":29}},{"start":{"line":81,"column":27},"end":{"line":81,"column":34}}]},"11":{"loc":{"start":{"line":81,"column":16},"end":{"line":81,"column":29}},"type":"binary-expr","locations":[{"start":{"line":81,"column":16},"end":{"line":81,"column":29}},{"start":{"line":81,"column":27},"end":{"line":81,"column":29}}]},"12":{"loc":{"start":{"line":82,"column":16},"end":{"line":82,"column":34}},"type":"cond-expr","locations":[{"start":{"line":82,"column":27},"end":{"line":82,"column":29}},{"start":{"line":82,"column":27},"end":{"line":82,"column":34}}]},"13":{"loc":{"start":{"line":82,"column":16},"end":{"line":82,"column":29}},"type":"binary-expr","locations":[{"start":{"line":82,"column":16},"end":{"line":82,"column":29}},{"start":{"line":82,"column":27},"end":{"line":82,"column":29}}]},"14":{"loc":{"start":{"line":83,"column":16},"end":{"line":83,"column":34}},"type":"cond-expr","locations":[{"start":{"line":83,"column":27},"end":{"line":83,"column":29}},{"start":{"line":83,"column":27},"end":{"line":83,"column":34}}]},"15":{"loc":{"start":{"line":83,"column":16},"end":{"line":83,"column":29}},"type":"binary-expr","locations":[{"start":{"line":83,"column":16},"end":{"line":83,"column":29}},{"start":{"line":83,"column":27},"end":{"line":83,"column":29}}]},"16":{"loc":{"start":{"line":84,"column":17},"end":{"line":84,"column":36}},"type":"cond-expr","locations":[{"start":{"line":84,"column":29},"end":{"line":84,"column":31}},{"start":{"line":84,"column":29},"end":{"line":84,"column":36}}]},"17":{"loc":{"start":{"line":84,"column":17},"end":{"line":84,"column":31}},"type":"binary-expr","locations":[{"start":{"line":84,"column":17},"end":{"line":84,"column":31}},{"start":{"line":84,"column":29},"end":{"line":84,"column":31}}]},"18":{"loc":{"start":{"line":93,"column":4},"end":{"line":93,"column":34}},"type":"cond-expr","locations":[{"start":{"line":93,"column":15},"end":{"line":93,"column":17}},{"start":{"line":93,"column":15},"end":{"line":93,"column":34}}]},"19":{"loc":{"start":{"line":93,"column":4},"end":{"line":93,"column":17}},"type":"binary-expr","locations":[{"start":{"line":93,"column":4},"end":{"line":93,"column":17}},{"start":{"line":93,"column":15},"end":{"line":93,"column":17}}]},"20":{"loc":{"start":{"line":94,"column":4},"end":{"line":94,"column":34}},"type":"cond-expr","locations":[{"start":{"line":94,"column":15},"end":{"line":94,"column":17}},{"start":{"line":94,"column":15},"end":{"line":94,"column":34}}]},"21":{"loc":{"start":{"line":94,"column":4},"end":{"line":94,"column":17}},"type":"binary-expr","locations":[{"start":{"line":94,"column":4},"end":{"line":94,"column":17}},{"start":{"line":94,"column":15},"end":{"line":94,"column":17}}]},"22":{"loc":{"start":{"line":102,"column":4},"end":{"line":108,"column":null}},"type":"if","locations":[{"start":{"line":102,"column":4},"end":{"line":108,"column":null}}]},"23":{"loc":{"start":{"line":115,"column":4},"end":{"line":115,"column":103}},"type":"cond-expr","locations":[{"start":{"line":115,"column":47},"end":{"line":115,"column":74}},{"start":{"line":115,"column":77},"end":{"line":115,"column":103}}]},"24":{"loc":{"start":{"line":115,"column":4},"end":{"line":115,"column":45}},"type":"binary-expr","locations":[{"start":{"line":115,"column":4},"end":{"line":115,"column":22}},{"start":{"line":115,"column":26},"end":{"line":115,"column":44}}]},"25":{"loc":{"start":{"line":115,"column":4},"end":{"line":115,"column":22}},"type":"cond-expr","locations":[{"start":{"line":115,"column":15},"end":{"line":115,"column":17}},{"start":{"line":115,"column":15},"end":{"line":115,"column":22}}]},"26":{"loc":{"start":{"line":115,"column":4},"end":{"line":115,"column":17}},"type":"binary-expr","locations":[{"start":{"line":115,"column":4},"end":{"line":115,"column":17}},{"start":{"line":115,"column":15},"end":{"line":115,"column":17}}]},"27":{"loc":{"start":{"line":115,"column":26},"end":{"line":115,"column":44}},"type":"cond-expr","locations":[{"start":{"line":115,"column":37},"end":{"line":115,"column":39}},{"start":{"line":115,"column":37},"end":{"line":115,"column":44}}]},"28":{"loc":{"start":{"line":115,"column":26},"end":{"line":115,"column":39}},"type":"binary-expr","locations":[{"start":{"line":115,"column":26},"end":{"line":115,"column":39}},{"start":{"line":115,"column":37},"end":{"line":115,"column":39}}]},"29":{"loc":{"start":{"line":123,"column":11},"end":{"line":123,"column":56}},"type":"binary-expr","locations":[{"start":{"line":123,"column":11},"end":{"line":123,"column":31}},{"start":{"line":123,"column":35},"end":{"line":123,"column":55}}]},"30":{"loc":{"start":{"line":123,"column":11},"end":{"line":123,"column":31}},"type":"cond-expr","locations":[{"start":{"line":123,"column":22},"end":{"line":123,"column":24}},{"start":{"line":123,"column":22},"end":{"line":123,"column":31}}]},"31":{"loc":{"start":{"line":123,"column":11},"end":{"line":123,"column":24}},"type":"binary-expr","locations":[{"start":{"line":123,"column":11},"end":{"line":123,"column":24}},{"start":{"line":123,"column":22},"end":{"line":123,"column":24}}]},"32":{"loc":{"start":{"line":123,"column":35},"end":{"line":123,"column":55}},"type":"cond-expr","locations":[{"start":{"line":123,"column":46},"end":{"line":123,"column":48}},{"start":{"line":123,"column":46},"end":{"line":123,"column":55}}]},"33":{"loc":{"start":{"line":123,"column":35},"end":{"line":123,"column":48}},"type":"binary-expr","locations":[{"start":{"line":123,"column":35},"end":{"line":123,"column":48}},{"start":{"line":123,"column":46},"end":{"line":123,"column":48}}]},"34":{"loc":{"start":{"line":131,"column":11},"end":{"line":131,"column":56}},"type":"binary-expr","locations":[{"start":{"line":131,"column":11},"end":{"line":131,"column":31}},{"start":{"line":131,"column":35},"end":{"line":131,"column":55}}]},"35":{"loc":{"start":{"line":131,"column":11},"end":{"line":131,"column":31}},"type":"cond-expr","locations":[{"start":{"line":131,"column":22},"end":{"line":131,"column":24}},{"start":{"line":131,"column":22},"end":{"line":131,"column":31}}]},"36":{"loc":{"start":{"line":131,"column":11},"end":{"line":131,"column":24}},"type":"binary-expr","locations":[{"start":{"line":131,"column":11},"end":{"line":131,"column":24}},{"start":{"line":131,"column":22},"end":{"line":131,"column":24}}]},"37":{"loc":{"start":{"line":131,"column":35},"end":{"line":131,"column":55}},"type":"cond-expr","locations":[{"start":{"line":131,"column":46},"end":{"line":131,"column":48}},{"start":{"line":131,"column":46},"end":{"line":131,"column":55}}]},"38":{"loc":{"start":{"line":131,"column":35},"end":{"line":131,"column":48}},"type":"binary-expr","locations":[{"start":{"line":131,"column":35},"end":{"line":131,"column":48}},{"start":{"line":131,"column":46},"end":{"line":131,"column":48}}]},"39":{"loc":{"start":{"line":149,"column":4},"end":{"line":162,"column":null}},"type":"if","locations":[{"start":{"line":149,"column":4},"end":{"line":162,"column":null}},{"start":{"line":158,"column":9},"end":{"line":162,"column":null}}]},"40":{"loc":{"start":{"line":152,"column":6},"end":{"line":152,"column":57}},"type":"cond-expr","locations":[{"start":{"line":152,"column":17},"end":{"line":152,"column":19}},{"start":{"line":152,"column":17},"end":{"line":152,"column":57}}]},"41":{"loc":{"start":{"line":152,"column":6},"end":{"line":152,"column":19}},"type":"binary-expr","locations":[{"start":{"line":152,"column":6},"end":{"line":152,"column":19}},{"start":{"line":152,"column":17},"end":{"line":152,"column":19}}]},"42":{"loc":{"start":{"line":152,"column":28},"end":{"line":152,"column":56}},"type":"cond-expr","locations":[{"start":{"line":152,"column":48},"end":{"line":152,"column":50}},{"start":{"line":152,"column":48},"end":{"line":152,"column":56}}]},"43":{"loc":{"start":{"line":152,"column":28},"end":{"line":152,"column":50}},"type":"binary-expr","locations":[{"start":{"line":152,"column":28},"end":{"line":152,"column":50}},{"start":{"line":152,"column":48},"end":{"line":152,"column":50}}]},"44":{"loc":{"start":{"line":153,"column":6},"end":{"line":153,"column":57}},"type":"cond-expr","locations":[{"start":{"line":153,"column":17},"end":{"line":153,"column":19}},{"start":{"line":153,"column":17},"end":{"line":153,"column":57}}]},"45":{"loc":{"start":{"line":153,"column":6},"end":{"line":153,"column":19}},"type":"binary-expr","locations":[{"start":{"line":153,"column":6},"end":{"line":153,"column":19}},{"start":{"line":153,"column":17},"end":{"line":153,"column":19}}]},"46":{"loc":{"start":{"line":153,"column":28},"end":{"line":153,"column":56}},"type":"cond-expr","locations":[{"start":{"line":153,"column":48},"end":{"line":153,"column":50}},{"start":{"line":153,"column":48},"end":{"line":153,"column":56}}]},"47":{"loc":{"start":{"line":153,"column":28},"end":{"line":153,"column":50}},"type":"binary-expr","locations":[{"start":{"line":153,"column":28},"end":{"line":153,"column":50}},{"start":{"line":153,"column":48},"end":{"line":153,"column":50}}]},"48":{"loc":{"start":{"line":154,"column":6},"end":{"line":154,"column":57}},"type":"cond-expr","locations":[{"start":{"line":154,"column":17},"end":{"line":154,"column":19}},{"start":{"line":154,"column":17},"end":{"line":154,"column":57}}]},"49":{"loc":{"start":{"line":154,"column":6},"end":{"line":154,"column":19}},"type":"binary-expr","locations":[{"start":{"line":154,"column":6},"end":{"line":154,"column":19}},{"start":{"line":154,"column":17},"end":{"line":154,"column":19}}]},"50":{"loc":{"start":{"line":154,"column":28},"end":{"line":154,"column":56}},"type":"cond-expr","locations":[{"start":{"line":154,"column":48},"end":{"line":154,"column":50}},{"start":{"line":154,"column":48},"end":{"line":154,"column":56}}]},"51":{"loc":{"start":{"line":154,"column":28},"end":{"line":154,"column":50}},"type":"binary-expr","locations":[{"start":{"line":154,"column":28},"end":{"line":154,"column":50}},{"start":{"line":154,"column":48},"end":{"line":154,"column":50}}]},"52":{"loc":{"start":{"line":155,"column":6},"end":{"line":155,"column":59}},"type":"cond-expr","locations":[{"start":{"line":155,"column":18},"end":{"line":155,"column":20}},{"start":{"line":155,"column":18},"end":{"line":155,"column":59}}]},"53":{"loc":{"start":{"line":155,"column":6},"end":{"line":155,"column":20}},"type":"binary-expr","locations":[{"start":{"line":155,"column":6},"end":{"line":155,"column":20}},{"start":{"line":155,"column":18},"end":{"line":155,"column":20}}]},"54":{"loc":{"start":{"line":155,"column":29},"end":{"line":155,"column":58}},"type":"cond-expr","locations":[{"start":{"line":155,"column":49},"end":{"line":155,"column":51}},{"start":{"line":155,"column":49},"end":{"line":155,"column":58}}]},"55":{"loc":{"start":{"line":155,"column":29},"end":{"line":155,"column":51}},"type":"binary-expr","locations":[{"start":{"line":155,"column":29},"end":{"line":155,"column":51}},{"start":{"line":155,"column":49},"end":{"line":155,"column":51}}]},"56":{"loc":{"start":{"line":160,"column":6},"end":{"line":160,"column":36}},"type":"cond-expr","locations":[{"start":{"line":160,"column":17},"end":{"line":160,"column":19}},{"start":{"line":160,"column":17},"end":{"line":160,"column":36}}]},"57":{"loc":{"start":{"line":160,"column":6},"end":{"line":160,"column":19}},"type":"binary-expr","locations":[{"start":{"line":160,"column":6},"end":{"line":160,"column":19}},{"start":{"line":160,"column":17},"end":{"line":160,"column":19}}]},"58":{"loc":{"start":{"line":161,"column":6},"end":{"line":161,"column":36}},"type":"cond-expr","locations":[{"start":{"line":161,"column":17},"end":{"line":161,"column":19}},{"start":{"line":161,"column":17},"end":{"line":161,"column":36}}]},"59":{"loc":{"start":{"line":161,"column":6},"end":{"line":161,"column":19}},"type":"binary-expr","locations":[{"start":{"line":161,"column":6},"end":{"line":161,"column":19}},{"start":{"line":161,"column":17},"end":{"line":161,"column":19}}]},"60":{"loc":{"start":{"line":176,"column":4},"end":{"line":176,"column":29}},"type":"cond-expr","locations":[{"start":{"line":176,"column":15},"end":{"line":176,"column":17}},{"start":{"line":176,"column":15},"end":{"line":176,"column":29}}]},"61":{"loc":{"start":{"line":176,"column":4},"end":{"line":176,"column":17}},"type":"binary-expr","locations":[{"start":{"line":176,"column":4},"end":{"line":176,"column":17}},{"start":{"line":176,"column":15},"end":{"line":176,"column":17}}]},"62":{"loc":{"start":{"line":177,"column":4},"end":{"line":177,"column":29}},"type":"cond-expr","locations":[{"start":{"line":177,"column":15},"end":{"line":177,"column":17}},{"start":{"line":177,"column":15},"end":{"line":177,"column":29}}]},"63":{"loc":{"start":{"line":177,"column":4},"end":{"line":177,"column":17}},"type":"binary-expr","locations":[{"start":{"line":177,"column":4},"end":{"line":177,"column":17}},{"start":{"line":177,"column":15},"end":{"line":177,"column":17}}]},"64":{"loc":{"start":{"line":178,"column":4},"end":{"line":178,"column":28}},"type":"cond-expr","locations":[{"start":{"line":178,"column":15},"end":{"line":178,"column":17}},{"start":{"line":178,"column":15},"end":{"line":178,"column":28}}]},"65":{"loc":{"start":{"line":178,"column":4},"end":{"line":178,"column":17}},"type":"binary-expr","locations":[{"start":{"line":178,"column":4},"end":{"line":178,"column":17}},{"start":{"line":178,"column":15},"end":{"line":178,"column":17}}]},"66":{"loc":{"start":{"line":179,"column":4},"end":{"line":179,"column":29}},"type":"cond-expr","locations":[{"start":{"line":179,"column":16},"end":{"line":179,"column":18}},{"start":{"line":179,"column":16},"end":{"line":179,"column":29}}]},"67":{"loc":{"start":{"line":179,"column":4},"end":{"line":179,"column":18}},"type":"binary-expr","locations":[{"start":{"line":179,"column":4},"end":{"line":179,"column":18}},{"start":{"line":179,"column":16},"end":{"line":179,"column":18}}]}},"s":{"0":1,"1":1,"2":1,"3":1,"4":17,"5":17,"6":17,"7":17,"8":17,"9":17,"10":17,"11":17,"12":17,"13":17,"14":17,"15":18,"16":1,"17":2,"18":1,"19":1,"20":1,"21":1,"22":1,"23":1,"24":1,"25":1,"26":1,"27":1,"28":2,"29":2,"30":2,"31":1,"32":1,"33":1,"34":1,"35":1,"36":3,"37":2,"38":2,"39":2,"40":4,"41":2,"42":2,"43":1,"44":1,"45":2,"46":1,"47":1,"48":1,"49":1,"50":1,"51":1,"52":1,"53":1,"54":1,"55":3,"56":3,"57":3,"58":3,"59":3,"60":3,"61":21,"62":20,"63":8,"64":8,"65":1,"66":1},"f":{"0":17,"1":17,"2":17,"3":18,"4":1,"5":2,"6":1,"7":1,"8":1,"9":1,"10":1,"11":1,"12":3,"13":2,"14":2,"15":2,"16":4,"17":2,"18":2,"19":1,"20":3,"21":21,"22":20,"23":8,"24":8},"b":{"0":[1,1],"1":[0,1],"2":[1,1],"3":[0,1],"4":[1,1],"5":[0,1],"6":[1,1],"7":[0,1],"8":[1,1],"9":[1],"10":[0,1],"11":[1,1],"12":[0,1],"13":[1,1],"14":[0,1],"15":[1,1],"16":[0,1],"17":[1,1],"18":[0,2],"19":[2,2],"20":[0,2],"21":[2,2],"22":[1],"23":[2,1],"24":[3,2],"25":[0,3],"26":[3,3],"27":[0,2],"28":[2,2],"29":[2,1],"30":[0,2],"31":[2,2],"32":[0,1],"33":[1,1],"34":[2,1],"35":[0,2],"36":[2,2],"37":[0,1],"38":[1,1],"39":[1,1],"40":[0,1],"41":[1,1],"42":[0,1],"43":[1,1],"44":[0,1],"45":[1,1],"46":[0,1],"47":[1,1],"48":[0,1],"49":[1,1],"50":[0,1],"51":[1,1],"52":[0,1],"53":[1,1],"54":[0,1],"55":[1,1],"56":[0,1],"57":[1,1],"58":[0,1],"59":[1,1],"60":[0,3],"61":[3,3],"62":[0,3],"63":[3,3],"64":[0,3],"65":[3,3],"66":[0,3],"67":[3,3]}}
,"/Users/juanpabloas/Documents/PruebaNeoris/pokemons/src/services/pokemons.service.ts": {"path":"/Users/juanpabloas/Documents/PruebaNeoris/pokemons/src/services/pokemons.service.ts","statementMap":{"0":{"start":{"line":1,"column":0},"end":{"line":1,"column":43}},"1":{"start":{"line":2,"column":0},"end":{"line":2,"column":49}},"2":{"start":{"line":9,"column":28},"end":{"line":30,"column":null}},"3":{"start":{"line":13,"column":22},"end":{"line":13,"column":28}},"4":{"start":{"line":11,"column":2},"end":{"line":11,"column":null}},"5":{"start":{"line":16,"column":4},"end":{"line":16,"column":61}},"6":{"start":{"line":20,"column":4},"end":{"line":20,"column":74}},"7":{"start":{"line":24,"column":4},"end":{"line":24,"column":81}},"8":{"start":{"line":28,"column":4},"end":{"line":28,"column":75}},"9":{"start":{"line":9,"column":13},"end":{"line":30,"column":null}},"10":{"start":{"line":9,"column":13},"end":{"line":9,"column":28}}},"fnMap":{"0":{"name":"(anonymous_0)","decl":{"start":{"line":13,"column":2},"end":{"line":13,"column":22}},"loc":{"start":{"line":13,"column":38},"end":{"line":13,"column":43}}},"1":{"name":"(anonymous_1)","decl":{"start":{"line":15,"column":2},"end":{"line":15,"column":16}},"loc":{"start":{"line":15,"column":16},"end":{"line":17,"column":3}}},"2":{"name":"(anonymous_2)","decl":{"start":{"line":19,"column":2},"end":{"line":19,"column":15}},"loc":{"start":{"line":19,"column":40},"end":{"line":21,"column":3}}},"3":{"name":"(anonymous_3)","decl":{"start":{"line":23,"column":2},"end":{"line":23,"column":15}},"loc":{"start":{"line":23,"column":49},"end":{"line":25,"column":3}}},"4":{"name":"(anonymous_4)","decl":{"start":{"line":27,"column":2},"end":{"line":27,"column":15}},"loc":{"start":{"line":27,"column":26},"end":{"line":29,"column":3}}}},"branchMap":{},"s":{"0":2,"1":2,"2":2,"3":22,"4":22,"5":18,"6":1,"7":1,"8":1,"9":2,"10":2},"f":{"0":22,"1":18,"2":1,"3":1,"4":1},"b":{}}
}
