TN:
SF:src/app/app.component.html
FNF:0
FNH:0
DA:1,1
LF:1
LH:1
BRF:0
BRH:0
end_of_record
TN:
SF:src/app/app.component.ts
FNF:0
FNH:0
DA:1,1
DA:8,1
DA:9,2
LF:3
LH:3
BRF:0
BRH:0
end_of_record
TN:
SF:src/app/not-found/not-found.component.html
FNF:0
FNH:0
DA:1,1
LF:1
LH:1
BRF:0
BRH:0
end_of_record
TN:
SF:src/app/not-found/not-found.component.ts
FN:11,(anonymous_0)
FN:16,(anonymous_1)
FNF:2
FNH:2
FNDA:2,(anonymous_0)
FNDA:1,(anonymous_1)
DA:1,1
DA:2,1
DA:9,1
DA:11,2
DA:17,1
LF:5
LH:5
BRF:0
BRH:0
end_of_record
TN:
SF:src/app/pokemon-information/pokemon-information.component.html
FNF:0
FNH:0
DA:1,1
LF:1
LH:1
BRF:0
BRH:0
end_of_record
TN:
SF:src/app/pokemon-information/pokemon-information.component.ts
FN:27,(anonymous_0)
FN:39,(anonymous_1)
FN:43,(anonymous_2)
FN:55,(anonymous_3)
FN:56,(anonymous_4)
FN:64,(anonymous_5)
FN:73,(anonymous_6)
FN:75,(anonymous_7)
FN:88,(anonymous_8)
FN:101,(anonymous_9)
FN:103,(anonymous_10)
FN:105,(anonymous_11)
FN:114,(anonymous_12)
FN:122,(anonymous_13)
FN:130,(anonymous_14)
FN:137,(anonymous_15)
FN:138,(anonymous_16)
FN:147,(anonymous_17)
FN:151,(anonymous_18)
FN:168,(anonymous_19)
FN:175,(anonymous_20)
FN:184,(anonymous_21)
FN:185,(anonymous_22)
FN:186,(anonymous_23)
FN:187,(anonymous_24)
FNF:25
FNH:25
FNDA:17,(anonymous_0)
FNDA:17,(anonymous_1)
FNDA:17,(anonymous_2)
FNDA:18,(anonymous_3)
FNDA:1,(anonymous_4)
FNDA:2,(anonymous_5)
FNDA:1,(anonymous_6)
FNDA:1,(anonymous_7)
FNDA:1,(anonymous_8)
FNDA:1,(anonymous_9)
FNDA:1,(anonymous_10)
FNDA:1,(anonymous_11)
FNDA:3,(anonymous_12)
FNDA:2,(anonymous_13)
FNDA:2,(anonymous_14)
FNDA:2,(anonymous_15)
FNDA:4,(anonymous_16)
FNDA:2,(anonymous_17)
FNDA:2,(anonymous_18)
FNDA:1,(anonymous_19)
FNDA:3,(anonymous_20)
FNDA:21,(anonymous_21)
FNDA:20,(anonymous_22)
FNDA:8,(anonymous_23)
FNDA:8,(anonymous_24)
DA:1,1
DA:2,1
DA:4,1
DA:12,1
DA:15,17
DA:28,17
DA:29,17
DA:31,17
DA:32,17
DA:33,17
DA:34,17
DA:35,17
DA:36,17
DA:40,17
DA:44,17
DA:56,18
DA:57,1
DA:65,2
DA:66,1
DA:73,1
DA:74,1
DA:75,1
DA:80,1
DA:86,1
DA:87,1
DA:88,1
DA:92,2
DA:93,2
DA:94,2
DA:102,1
DA:103,1
DA:104,1
DA:105,1
DA:115,3
DA:123,2
DA:131,2
DA:138,2
DA:139,4
DA:148,2
DA:149,2
DA:150,1
DA:151,2
DA:152,1
DA:153,1
DA:154,1
DA:155,1
DA:156,1
DA:159,1
DA:160,1
DA:161,1
DA:169,1
DA:176,3
DA:177,3
DA:178,3
DA:179,3
DA:180,3
DA:181,3
DA:184,21
DA:185,20
DA:186,8
DA:187,8
LF:61
LH:61
BRDA:65,0,0,1
BRDA:65,0,1,1
BRDA:68,1,0,0
BRDA:68,1,1,1
BRDA:68,2,0,1
BRDA:68,2,1,1
BRDA:69,3,0,0
BRDA:69,3,1,1
BRDA:69,4,0,1
BRDA:69,4,1,1
BRDA:70,5,0,0
BRDA:70,5,1,1
BRDA:70,6,0,1
BRDA:70,6,1,1
BRDA:71,7,0,0
BRDA:71,7,1,1
BRDA:71,8,0,1
BRDA:71,8,1,1
BRDA:74,9,0,1
BRDA:81,10,0,0
BRDA:81,10,1,1
BRDA:81,11,0,1
BRDA:81,11,1,1
BRDA:82,12,0,0
BRDA:82,12,1,1
BRDA:82,13,0,1
BRDA:82,13,1,1
BRDA:83,14,0,0
BRDA:83,14,1,1
BRDA:83,15,0,1
BRDA:83,15,1,1
BRDA:84,16,0,0
BRDA:84,16,1,1
BRDA:84,17,0,1
BRDA:84,17,1,1
BRDA:93,18,0,0
BRDA:93,18,1,2
BRDA:93,19,0,2
BRDA:93,19,1,2
BRDA:94,20,0,0
BRDA:94,20,1,2
BRDA:94,21,0,2
BRDA:94,21,1,2
BRDA:102,22,0,1
BRDA:115,23,0,2
BRDA:115,23,1,1
BRDA:115,24,0,3
BRDA:115,24,1,2
BRDA:115,25,0,0
BRDA:115,25,1,3
BRDA:115,26,0,3
BRDA:115,26,1,3
BRDA:115,27,0,0
BRDA:115,27,1,2
BRDA:115,28,0,2
BRDA:115,28,1,2
BRDA:123,29,0,2
BRDA:123,29,1,1
BRDA:123,30,0,0
BRDA:123,30,1,2
BRDA:123,31,0,2
BRDA:123,31,1,2
BRDA:123,32,0,0
BRDA:123,32,1,1
BRDA:123,33,0,1
BRDA:123,33,1,1
BRDA:131,34,0,2
BRDA:131,34,1,1
BRDA:131,35,0,0
BRDA:131,35,1,2
BRDA:131,36,0,2
BRDA:131,36,1,2
BRDA:131,37,0,0
BRDA:131,37,1,1
BRDA:131,38,0,1
BRDA:131,38,1,1
BRDA:149,39,0,1
BRDA:149,39,1,1
BRDA:152,40,0,0
BRDA:152,40,1,1
BRDA:152,41,0,1
BRDA:152,41,1,1
BRDA:152,42,0,0
BRDA:152,42,1,1
BRDA:152,43,0,1
BRDA:152,43,1,1
BRDA:153,44,0,0
BRDA:153,44,1,1
BRDA:153,45,0,1
BRDA:153,45,1,1
BRDA:153,46,0,0
BRDA:153,46,1,1
BRDA:153,47,0,1
BRDA:153,47,1,1
BRDA:154,48,0,0
BRDA:154,48,1,1
BRDA:154,49,0,1
BRDA:154,49,1,1
BRDA:154,50,0,0
BRDA:154,50,1,1
BRDA:154,51,0,1
BRDA:154,51,1,1
BRDA:155,52,0,0
BRDA:155,52,1,1
BRDA:155,53,0,1
BRDA:155,53,1,1
BRDA:155,54,0,0
BRDA:155,54,1,1
BRDA:155,55,0,1
BRDA:155,55,1,1
BRDA:160,56,0,0
BRDA:160,56,1,1
BRDA:160,57,0,1
BRDA:160,57,1,1
BRDA:161,58,0,0
BRDA:161,58,1,1
BRDA:161,59,0,1
BRDA:161,59,1,1
BRDA:176,60,0,0
BRDA:176,60,1,3
BRDA:176,61,0,3
BRDA:176,61,1,3
BRDA:177,62,0,0
BRDA:177,62,1,3
BRDA:177,63,0,3
BRDA:177,63,1,3
BRDA:178,64,0,0
BRDA:178,64,1,3
BRDA:178,65,0,3
BRDA:178,65,1,3
BRDA:179,66,0,0
BRDA:179,66,1,3
BRDA:179,67,0,3
BRDA:179,67,1,3
BRF:134
BRH:104
end_of_record
TN:
SF:src/services/pokemons.service.ts
FN:13,(anonymous_0)
FN:15,(anonymous_1)
FN:19,(anonymous_2)
FN:23,(anonymous_3)
FN:27,(anonymous_4)
FNF:5
FNH:5
FNDA:22,(anonymous_0)
FNDA:18,(anonymous_1)
FNDA:1,(anonymous_2)
FNDA:1,(anonymous_3)
FNDA:1,(anonymous_4)
DA:1,2
DA:2,2
DA:9,2
DA:11,22
DA:13,22
DA:16,18
DA:20,1
DA:24,1
DA:28,1
LF:9
LH:9
BRF:0
BRH:0
end_of_record
